<?xml version="1.0" encoding="utf-8"?>
<coverage line-rate="0.5789" branch-rate="0.5582" version="1.9" timestamp="1620765213" lines-covered="198" lines-valid="342" branches-covered="115" branches-valid="206">
  <sources>
    <source>C:\Users\cghalmi\</source>
  </sources>
  <packages>
    <package name="Calculatrice" line-rate="0.5718" branch-rate="0.5582" complexity="226">
      <classes>
        <class name="Calculatrice.Calculator" filename="Documents\apprendre\Calculatrice\Calculatrice\Calculatrice\Calculator.cs" line-rate="0.6945999999999999" branch-rate="0.6318" complexity="185">
          <methods>
            <method name="CalculeWithOperator" signature="(System.String)" line-rate="0" branch-rate="0" complexity="44">
              <lines>
                <line number="47" hits="0" branch="False" />
                <line number="48" hits="0" branch="False" />
                <line number="49" hits="0" branch="False" />
                <line number="50" hits="0" branch="False" />
                <line number="51" hits="0" branch="False" />
                <line number="53" hits="0" branch="True" condition-coverage="0% (0/2)">
                  <conditions>
                    <condition number="797" type="jump" coverage="0%" />
                  </conditions>
                </line>
                <line number="54" hits="0" branch="False" />
                <line number="55" hits="0" branch="False" />
                <line number="56" hits="0" branch="True" condition-coverage="0% (0/2)">
                  <conditions>
                    <condition number="86" type="jump" coverage="0%" />
                  </conditions>
                </line>
                <line number="57" hits="0" branch="True" condition-coverage="0% (0/38)">
                  <conditions>
                    <condition number="128" type="jump" coverage="0%" />
                    <condition number="137" type="jump" coverage="0%" />
                    <condition number="146" type="jump" coverage="0%" />
                    <condition number="177" type="jump" coverage="0%" />
                    <condition number="202" type="jump" coverage="0%" />
                    <condition number="211" type="jump" coverage="0%" />
                    <condition number="239" type="jump" coverage="0%" />
                    <condition number="188" type="jump" coverage="0%" />
                    <condition number="253" type="jump" coverage="0%" />
                    <condition number="225" type="jump" coverage="0%" />
                    <condition number="160" type="jump" coverage="0%" />
                    <condition number="272" type="jump" coverage="0%" />
                    <condition number="338" type="jump" coverage="0%" />
                    <condition number="382" type="jump" coverage="0%" />
                    <condition number="404" type="jump" coverage="0%" />
                    <condition number="294" type="jump" coverage="0%" />
                    <condition number="316" type="jump" coverage="0%" />
                    <condition number="360" type="jump" coverage="0%" />
                    <condition number="426" type="jump" coverage="0%" />
                  </conditions>
                </line>
                <line number="61" hits="0" branch="False" />
                <line number="62" hits="0" branch="False" />
                <line number="63" hits="0" branch="False" />
                <line number="64" hits="0" branch="False" />
                <line number="65" hits="0" branch="False" />
                <line number="67" hits="0" branch="False" />
                <line number="69" hits="0" branch="False" />
                <line number="71" hits="0" branch="False" />
                <line number="72" hits="0" branch="False" />
                <line number="73" hits="0" branch="False" />
                <line number="74" hits="0" branch="True" condition-coverage="0% (0/2)">
                  <conditions>
                    <condition number="642" type="jump" coverage="0%" />
                  </conditions>
                </line>
                <line number="75" hits="0" branch="False" />
                <line number="76" hits="0" branch="False" />
                <line number="77" hits="0" branch="False" />
                <line number="78" hits="0" branch="False" />
                <line number="79" hits="0" branch="False" />
                <line number="81" hits="0" branch="False" />
                <line number="83" hits="0" branch="False" />
                <line number="84" hits="0" branch="False" />
                <line number="85" hits="0" branch="False" />
                <line number="86" hits="0" branch="False" />
                <line number="88" hits="0" branch="False" />
                <line number="89" hits="0" branch="False" />
                <line number="90" hits="0" branch="False" />
                <line number="91" hits="0" branch="False" />
                <line number="93" hits="0" branch="False" />
                <line number="95" hits="0" branch="False" />
                <line number="97" hits="0" branch="False" />
                <line number="98" hits="0" branch="False" />
                <line number="99" hits="0" branch="False" />
                <line number="100" hits="0" branch="False" />
              </lines>
            </method>
            <method name="CalculeWithExp" signature="(System.String)" line-rate="1" branch-rate="1" complexity="2">
              <lines>
                <line number="103" hits="14" branch="False" />
                <line number="104" hits="14" branch="False" />
                <line number="106" hits="14" branch="False" />
                <line number="108" hits="14" branch="True" condition-coverage="100% (2/2)">
                  <conditions>
                    <condition number="27" type="jump" coverage="100%" />
                  </conditions>
                </line>
                <line number="109" hits="1" branch="False" />
                <line number="111" hits="13" branch="False" />
                <line number="113" hits="13" branch="False" />
                <line number="115" hits="13" branch="False" />
                <line number="117" hits="14" branch="False" />
              </lines>
            </method>
            <method name="IsNonValid" signature="(System.String)" line-rate="1" branch-rate="1" complexity="1">
              <lines>
                <line number="120" hits="14" branch="False" />
                <line number="121" hits="14" branch="False" />
                <line number="122" hits="14" branch="False" />
              </lines>
            </method>
            <method name="ParseResult" signature="(System.Double)" line-rate="1" branch-rate="1" complexity="2">
              <lines>
                <line number="125" hits="13" branch="False" />
                <line number="126" hits="13" branch="True" condition-coverage="100% (2/2)">
                  <conditions>
                    <condition number="28" type="jump" coverage="100%" />
                  </conditions>
                </line>
                <line number="127" hits="1" branch="False" />
                <line number="128" hits="1" branch="False" />
                <line number="129" hits="1" branch="False" />
                <line number="131" hits="13" branch="False" />
                <line number="132" hits="13" branch="False" />
              </lines>
            </method>
            <method name="CleanFormulat" signature="(System.String)" line-rate="1" branch-rate="1" complexity="1">
              <lines>
                <line number="135" hits="14" branch="False" />
                <line number="136" hits="14" branch="False" />
                <line number="137" hits="14" branch="False" />
              </lines>
            </method>
            <method name="CalculeWithExp" signature="(System.Char[])" line-rate="0.8028" branch-rate="0.8283" complexity="134">
              <lines>
                <line number="140" hits="15" branch="False" />
                <line number="141" hits="15" branch="False" />
                <line number="143" hits="15" branch="False" />
                <line number="144" hits="15" branch="False" />
                <line number="145" hits="15" branch="False" />
                <line number="146" hits="15" branch="False" />
                <line number="148" hits="148" branch="True" condition-coverage="100% (2/2)">
                  <conditions>
                    <condition number="1314" type="jump" coverage="100%" />
                  </conditions>
                </line>
                <line number="149" hits="59" branch="False" />
                <line number="150" hits="59" branch="False" />
                <line number="152" hits="59" branch="True" condition-coverage="100% (2/2)">
                  <conditions>
                    <condition number="71" type="jump" coverage="100%" />
                  </conditions>
                </line>
                <line number="153" hits="34" branch="False" />
                <line number="154" hits="34" branch="True" condition-coverage="100% (2/2)">
                  <conditions>
                    <condition number="80" type="jump" coverage="100%" />
                  </conditions>
                </line>
                <line number="155" hits="1" branch="False" />
                <line number="156" hits="1" branch="False" />
                <line number="157" hits="1" branch="False" />
                <line number="159" hits="33" branch="False" />
                <line number="160" hits="33" branch="False" />
                <line number="161" hits="33" branch="False" />
                <line number="162" hits="34" branch="False" />
                <line number="163" hits="25" branch="True" condition-coverage="100% (2/2)">
                  <conditions>
                    <condition number="181" type="jump" coverage="100%" />
                  </conditions>
                </line>
                <line number="164" hits="1" branch="False" />
                <line number="165" hits="1" branch="False" />
                <line number="166" hits="1" branch="False" />
                <line number="167" hits="1" branch="False" />
                <line number="169" hits="24" branch="False" />
                <line number="170" hits="139" branch="True" condition-coverage="100% (2/2)">
                  <conditions>
                    <condition number="298" type="jump" coverage="100%" />
                  </conditions>
                </line>
                <line number="171" hits="23" branch="False" />
                <line number="172" hits="23" branch="True" condition-coverage="92.1% (35/38)">
                  <conditions>
                    <condition number="327" type="jump" coverage="100%" />
                    <condition number="336" type="jump" coverage="100%" />
                    <condition number="345" type="jump" coverage="50%" />
                    <condition number="376" type="jump" coverage="100%" />
                    <condition number="401" type="jump" coverage="100%" />
                    <condition number="410" type="jump" coverage="100%" />
                    <condition number="438" type="jump" coverage="100%" />
                    <condition number="387" type="jump" coverage="100%" />
                    <condition number="424" type="jump" coverage="100%" />
                    <condition number="359" type="jump" coverage="50%" />
                    <condition number="449" type="jump" coverage="100%" />
                    <condition number="471" type="jump" coverage="100%" />
                    <condition number="515" type="jump" coverage="100%" />
                    <condition number="537" type="jump" coverage="100%" />
                    <condition number="559" type="jump" coverage="50%" />
                    <condition number="581" type="jump" coverage="100%" />
                    <condition number="603" type="jump" coverage="100%" />
                    <condition number="625" type="jump" coverage="100%" />
                    <condition number="493" type="jump" coverage="100%" />
                  </conditions>
                </line>
                <line number="175" hits="1" branch="False" />
                <line number="177" hits="8" branch="True" condition-coverage="100% (2/2)">
                  <conditions>
                    <condition number="704" type="jump" coverage="100%" />
                  </conditions>
                </line>
                <line number="178" hits="4" branch="False" />
                <line number="179" hits="4" branch="True" condition-coverage="100% (2/2)">
                  <conditions>
                    <condition number="665" type="jump" coverage="100%" />
                  </conditions>
                </line>
                <line number="180" hits="3" branch="False" />
                <line number="181" hits="3" branch="False" />
                <line number="182" hits="3" branch="False" />
                <line number="184" hits="1" branch="False" />
                <line number="185" hits="1" branch="False" />
                <line number="188" hits="3" branch="False" />
                <line number="189" hits="1" branch="False" />
                <line number="190" hits="1" branch="False" />
                <line number="191" hits="1" branch="False" />
                <line number="192" hits="1" branch="False" />
                <line number="193" hits="1" branch="False" />
                <line number="195" hits="1" branch="False" />
                <line number="197" hits="1" branch="True" condition-coverage="50% (2/4)">
                  <conditions>
                    <condition number="765" type="jump" coverage="50%" />
                    <condition number="783" type="jump" coverage="50%" />
                  </conditions>
                </line>
                <line number="198" hits="0" branch="False" />
                <line number="199" hits="0" branch="False" />
                <line number="200" hits="0" branch="False" />
                <line number="201" hits="1" branch="True" condition-coverage="100% (2/2)">
                  <conditions>
                    <condition number="813" type="jump" coverage="100%" />
                  </conditions>
                </line>
                <line number="202" hits="1" branch="False" />
                <line number="203" hits="1" branch="False" />
                <line number="204" hits="1" branch="False" />
                <line number="205" hits="1" branch="False" />
                <line number="207" hits="3" branch="True" condition-coverage="50% (2/4)">
                  <conditions>
                    <condition number="867" type="jump" coverage="50%" />
                    <condition number="885" type="jump" coverage="50%" />
                  </conditions>
                </line>
                <line number="208" hits="0" branch="False" />
                <line number="209" hits="0" branch="False" />
                <line number="210" hits="0" branch="False" />
                <line number="211" hits="3" branch="True" condition-coverage="100% (2/2)">
                  <conditions>
                    <condition number="915" type="jump" coverage="100%" />
                  </conditions>
                </line>
                <line number="212" hits="3" branch="False" />
                <line number="213" hits="3" branch="False" />
                <line number="214" hits="3" branch="False" />
                <line number="215" hits="3" branch="False" />
                <line number="218" hits="0" branch="True" condition-coverage="0% (0/4)">
                  <conditions>
                    <condition number="965" type="jump" coverage="0%" />
                    <condition number="983" type="jump" coverage="0%" />
                  </conditions>
                </line>
                <line number="219" hits="0" branch="False" />
                <line number="220" hits="0" branch="False" />
                <line number="221" hits="0" branch="False" />
                <line number="222" hits="0" branch="True" condition-coverage="50% (1/2)">
                  <conditions>
                    <condition number="1013" type="jump" coverage="50%" />
                  </conditions>
                </line>
                <line number="223" hits="0" branch="False" />
                <line number="224" hits="0" branch="False" />
                <line number="225" hits="0" branch="False" />
                <line number="226" hits="0" branch="False" />
                <line number="228" hits="15" branch="False" />
                <line number="229" hits="15" branch="False" />
                <line number="231" hits="1" branch="False" />
                <line number="232" hits="1" branch="False" />
                <line number="234" hits="1" branch="False" />
                <line number="236" hits="14" branch="True" condition-coverage="100% (2/2)">
                  <conditions>
                    <condition number="1156" type="jump" coverage="100%" />
                  </conditions>
                </line>
                <line number="237" hits="7" branch="False" />
                <line number="238" hits="7" branch="True" condition-coverage="100% (2/2)">
                  <conditions>
                    <condition number="1117" type="jump" coverage="100%" />
                  </conditions>
                </line>
                <line number="239" hits="6" branch="False" />
                <line number="240" hits="6" branch="False" />
                <line number="241" hits="6" branch="False" />
                <line number="243" hits="1" branch="False" />
                <line number="244" hits="1" branch="False" />
                <line number="247" hits="6" branch="False" />
                <line number="249" hits="1" branch="True" condition-coverage="100% (2/2)">
                  <conditions>
                    <condition number="1184" type="jump" coverage="100%" />
                  </conditions>
                </line>
                <line number="250" hits="1" branch="False" />
                <line number="251" hits="1" branch="False" />
                <line number="252" hits="1" branch="False" />
                <line number="253" hits="1" branch="False" />
                <line number="254" hits="1" branch="False" />
                <line number="255" hits="1" branch="False" />
                <line number="256" hits="1" branch="False" />
                <line number="257" hits="1" branch="False" />
                <line number="259" hits="0" branch="False" />
                <line number="262" hits="23" branch="False" />
                <line number="263" hits="23" branch="False" />
                <line number="264" hits="23" branch="False" />
                <line number="265" hits="23" branch="False" />
                <line number="266" hits="23" branch="False" />
                <line number="267" hits="24" branch="False" />
                <line number="268" hits="59" branch="False" />
                <line number="270" hits="15" branch="True" condition-coverage="100% (2/2)">
                  <conditions>
                    <condition number="1335" type="jump" coverage="100%" />
                  </conditions>
                </line>
                <line number="271" hits="14" branch="False" />
                <line number="272" hits="14" branch="True" condition-coverage="86.84% (33/38)">
                  <conditions>
                    <condition number="1364" type="jump" coverage="100%" />
                    <condition number="1373" type="jump" coverage="50%" />
                    <condition number="1382" type="jump" coverage="100%" />
                    <condition number="1413" type="jump" coverage="0%" />
                    <condition number="1438" type="jump" coverage="100%" />
                    <condition number="1447" type="jump" coverage="100%" />
                    <condition number="1475" type="jump" coverage="50%" />
                    <condition number="1424" type="jump" coverage="50%" />
                    <condition number="1489" type="jump" coverage="100%" />
                    <condition number="1461" type="jump" coverage="100%" />
                    <condition number="1396" type="jump" coverage="100%" />
                    <condition number="1552" type="jump" coverage="100%" />
                    <condition number="1571" type="jump" coverage="100%" />
                    <condition number="1593" type="jump" coverage="100%" />
                    <condition number="1615" type="jump" coverage="100%" />
                    <condition number="1637" type="jump" coverage="100%" />
                    <condition number="1508" type="jump" coverage="100%" />
                    <condition number="1530" type="jump" coverage="100%" />
                    <condition number="1659" type="jump" coverage="100%" />
                  </conditions>
                </line>
                <line number="276" hits="0" branch="False" />
                <line number="278" hits="1" branch="True" condition-coverage="50% (2/4)">
                  <conditions>
                    <condition number="1684" type="jump" coverage="50%" />
                    <condition number="1702" type="jump" coverage="50%" />
                  </conditions>
                </line>
                <line number="279" hits="0" branch="False" />
                <line number="280" hits="0" branch="False" />
                <line number="281" hits="0" branch="False" />
                <line number="282" hits="1" branch="True" condition-coverage="100% (2/2)">
                  <conditions>
                    <condition number="1732" type="jump" coverage="100%" />
                  </conditions>
                </line>
                <line number="283" hits="1" branch="False" />
                <line number="284" hits="1" branch="False" />
                <line number="285" hits="1" branch="False" />
                <line number="286" hits="1" branch="False" />
                <line number="288" hits="2" branch="True" condition-coverage="50% (2/4)">
                  <conditions>
                    <condition number="1786" type="jump" coverage="50%" />
                    <condition number="1804" type="jump" coverage="50%" />
                  </conditions>
                </line>
                <line number="289" hits="0" branch="False" />
                <line number="290" hits="0" branch="False" />
                <line number="291" hits="0" branch="False" />
                <line number="292" hits="2" branch="True" condition-coverage="100% (2/2)">
                  <conditions>
                    <condition number="1834" type="jump" coverage="100%" />
                  </conditions>
                </line>
                <line number="293" hits="2" branch="False" />
                <line number="294" hits="2" branch="False" />
                <line number="295" hits="2" branch="False" />
                <line number="296" hits="2" branch="False" />
                <line number="298" hits="1" branch="True" condition-coverage="50% (2/4)">
                  <conditions>
                    <condition number="1884" type="jump" coverage="50%" />
                    <condition number="1902" type="jump" coverage="50%" />
                  </conditions>
                </line>
                <line number="299" hits="0" branch="False" />
                <line number="300" hits="0" branch="False" />
                <line number="301" hits="0" branch="False" />
                <line number="302" hits="1" branch="True" condition-coverage="100% (2/2)">
                  <conditions>
                    <condition number="1932" type="jump" coverage="100%" />
                  </conditions>
                </line>
                <line number="303" hits="1" branch="False" />
                <line number="304" hits="1" branch="False" />
                <line number="305" hits="1" branch="False" />
                <line number="306" hits="1" branch="False" />
                <line number="308" hits="6" branch="False" />
                <line number="309" hits="6" branch="False" />
                <line number="311" hits="4" branch="False" />
                <line number="312" hits="4" branch="False" />
                <line number="314" hits="0" branch="False" />
                <line number="316" hits="0" branch="False" />
                <line number="320" hits="14" branch="False" />
                <line number="321" hits="15" branch="False" />
                <line number="322" hits="15" branch="False" />
              </lines>
            </method>
            <method name=".ctor" signature="()" line-rate="1" branch-rate="1" complexity="1">
              <lines>
                <line number="16" hits="14" branch="False" />
                <line number="17" hits="14" branch="False" />
                <line number="18" hits="14" branch="False" />
                <line number="20" hits="14" branch="False" />
                <line number="21" hits="14" branch="False" />
                <line number="23" hits="14" branch="False" />
                <line number="24" hits="14" branch="False" />
                <line number="26" hits="14" branch="False" />
                <line number="27" hits="14" branch="False" />
                <line number="29" hits="14" branch="False" />
                <line number="30" hits="14" branch="False" />
                <line number="32" hits="14" branch="False" />
                <line number="33" hits="14" branch="False" />
                <line number="35" hits="14" branch="False" />
                <line number="36" hits="14" branch="False" />
                <line number="38" hits="14" branch="False" />
                <line number="39" hits="14" branch="False" />
                <line number="41" hits="14" branch="False" />
                <line number="42" hits="14" branch="False" />
                <line number="44" hits="126" branch="False" />
                <line number="45" hits="14" branch="False" />
              </lines>
            </method>
          </methods>
          <lines>
            <line number="47" hits="0" branch="False" />
            <line number="48" hits="0" branch="False" />
            <line number="49" hits="0" branch="False" />
            <line number="50" hits="0" branch="False" />
            <line number="51" hits="0" branch="False" />
            <line number="53" hits="0" branch="True" condition-coverage="0% (0/2)">
              <conditions>
                <condition number="797" type="jump" coverage="0%" />
              </conditions>
            </line>
            <line number="54" hits="0" branch="False" />
            <line number="55" hits="0" branch="False" />
            <line number="56" hits="0" branch="True" condition-coverage="0% (0/2)">
              <conditions>
                <condition number="86" type="jump" coverage="0%" />
              </conditions>
            </line>
            <line number="57" hits="0" branch="True" condition-coverage="0% (0/38)">
              <conditions>
                <condition number="128" type="jump" coverage="0%" />
                <condition number="137" type="jump" coverage="0%" />
                <condition number="146" type="jump" coverage="0%" />
                <condition number="177" type="jump" coverage="0%" />
                <condition number="202" type="jump" coverage="0%" />
                <condition number="211" type="jump" coverage="0%" />
                <condition number="239" type="jump" coverage="0%" />
                <condition number="188" type="jump" coverage="0%" />
                <condition number="253" type="jump" coverage="0%" />
                <condition number="225" type="jump" coverage="0%" />
                <condition number="160" type="jump" coverage="0%" />
                <condition number="272" type="jump" coverage="0%" />
                <condition number="338" type="jump" coverage="0%" />
                <condition number="382" type="jump" coverage="0%" />
                <condition number="404" type="jump" coverage="0%" />
                <condition number="294" type="jump" coverage="0%" />
                <condition number="316" type="jump" coverage="0%" />
                <condition number="360" type="jump" coverage="0%" />
                <condition number="426" type="jump" coverage="0%" />
              </conditions>
            </line>
            <line number="61" hits="0" branch="False" />
            <line number="62" hits="0" branch="False" />
            <line number="63" hits="0" branch="False" />
            <line number="64" hits="0" branch="False" />
            <line number="65" hits="0" branch="False" />
            <line number="67" hits="0" branch="False" />
            <line number="69" hits="0" branch="False" />
            <line number="71" hits="0" branch="False" />
            <line number="72" hits="0" branch="False" />
            <line number="73" hits="0" branch="False" />
            <line number="74" hits="0" branch="True" condition-coverage="0% (0/2)">
              <conditions>
                <condition number="642" type="jump" coverage="0%" />
              </conditions>
            </line>
            <line number="75" hits="0" branch="False" />
            <line number="76" hits="0" branch="False" />
            <line number="77" hits="0" branch="False" />
            <line number="78" hits="0" branch="False" />
            <line number="79" hits="0" branch="False" />
            <line number="81" hits="0" branch="False" />
            <line number="83" hits="0" branch="False" />
            <line number="84" hits="0" branch="False" />
            <line number="85" hits="0" branch="False" />
            <line number="86" hits="0" branch="False" />
            <line number="88" hits="0" branch="False" />
            <line number="89" hits="0" branch="False" />
            <line number="90" hits="0" branch="False" />
            <line number="91" hits="0" branch="False" />
            <line number="93" hits="0" branch="False" />
            <line number="95" hits="0" branch="False" />
            <line number="97" hits="0" branch="False" />
            <line number="98" hits="0" branch="False" />
            <line number="99" hits="0" branch="False" />
            <line number="100" hits="0" branch="False" />
            <line number="103" hits="14" branch="False" />
            <line number="104" hits="14" branch="False" />
            <line number="106" hits="14" branch="False" />
            <line number="108" hits="14" branch="True" condition-coverage="100% (2/2)">
              <conditions>
                <condition number="27" type="jump" coverage="100%" />
              </conditions>
            </line>
            <line number="109" hits="1" branch="False" />
            <line number="111" hits="13" branch="False" />
            <line number="113" hits="13" branch="False" />
            <line number="115" hits="13" branch="False" />
            <line number="117" hits="14" branch="False" />
            <line number="120" hits="14" branch="False" />
            <line number="121" hits="14" branch="False" />
            <line number="122" hits="14" branch="False" />
            <line number="125" hits="13" branch="False" />
            <line number="126" hits="13" branch="True" condition-coverage="100% (2/2)">
              <conditions>
                <condition number="28" type="jump" coverage="100%" />
              </conditions>
            </line>
            <line number="127" hits="1" branch="False" />
            <line number="128" hits="1" branch="False" />
            <line number="129" hits="1" branch="False" />
            <line number="131" hits="13" branch="False" />
            <line number="132" hits="13" branch="False" />
            <line number="135" hits="14" branch="False" />
            <line number="136" hits="14" branch="False" />
            <line number="137" hits="14" branch="False" />
            <line number="140" hits="15" branch="False" />
            <line number="141" hits="15" branch="False" />
            <line number="143" hits="15" branch="False" />
            <line number="144" hits="15" branch="False" />
            <line number="145" hits="15" branch="False" />
            <line number="146" hits="15" branch="False" />
            <line number="148" hits="148" branch="True" condition-coverage="100% (2/2)">
              <conditions>
                <condition number="1314" type="jump" coverage="100%" />
              </conditions>
            </line>
            <line number="149" hits="59" branch="False" />
            <line number="150" hits="59" branch="False" />
            <line number="152" hits="59" branch="True" condition-coverage="100% (2/2)">
              <conditions>
                <condition number="71" type="jump" coverage="100%" />
              </conditions>
            </line>
            <line number="153" hits="34" branch="False" />
            <line number="154" hits="34" branch="True" condition-coverage="100% (2/2)">
              <conditions>
                <condition number="80" type="jump" coverage="100%" />
              </conditions>
            </line>
            <line number="155" hits="1" branch="False" />
            <line number="156" hits="1" branch="False" />
            <line number="157" hits="1" branch="False" />
            <line number="159" hits="33" branch="False" />
            <line number="160" hits="33" branch="False" />
            <line number="161" hits="33" branch="False" />
            <line number="162" hits="34" branch="False" />
            <line number="163" hits="25" branch="True" condition-coverage="100% (2/2)">
              <conditions>
                <condition number="181" type="jump" coverage="100%" />
              </conditions>
            </line>
            <line number="164" hits="1" branch="False" />
            <line number="165" hits="1" branch="False" />
            <line number="166" hits="1" branch="False" />
            <line number="167" hits="1" branch="False" />
            <line number="169" hits="24" branch="False" />
            <line number="170" hits="139" branch="True" condition-coverage="100% (2/2)">
              <conditions>
                <condition number="298" type="jump" coverage="100%" />
              </conditions>
            </line>
            <line number="171" hits="23" branch="False" />
            <line number="172" hits="23" branch="True" condition-coverage="92.1% (35/38)">
              <conditions>
                <condition number="327" type="jump" coverage="100%" />
                <condition number="336" type="jump" coverage="100%" />
                <condition number="345" type="jump" coverage="50%" />
                <condition number="376" type="jump" coverage="100%" />
                <condition number="401" type="jump" coverage="100%" />
                <condition number="410" type="jump" coverage="100%" />
                <condition number="438" type="jump" coverage="100%" />
                <condition number="387" type="jump" coverage="100%" />
                <condition number="424" type="jump" coverage="100%" />
                <condition number="359" type="jump" coverage="50%" />
                <condition number="449" type="jump" coverage="100%" />
                <condition number="471" type="jump" coverage="100%" />
                <condition number="515" type="jump" coverage="100%" />
                <condition number="537" type="jump" coverage="100%" />
                <condition number="559" type="jump" coverage="50%" />
                <condition number="581" type="jump" coverage="100%" />
                <condition number="603" type="jump" coverage="100%" />
                <condition number="625" type="jump" coverage="100%" />
                <condition number="493" type="jump" coverage="100%" />
              </conditions>
            </line>
            <line number="175" hits="1" branch="False" />
            <line number="177" hits="8" branch="True" condition-coverage="100% (2/2)">
              <conditions>
                <condition number="704" type="jump" coverage="100%" />
              </conditions>
            </line>
            <line number="178" hits="4" branch="False" />
            <line number="179" hits="4" branch="True" condition-coverage="100% (2/2)">
              <conditions>
                <condition number="665" type="jump" coverage="100%" />
              </conditions>
            </line>
            <line number="180" hits="3" branch="False" />
            <line number="181" hits="3" branch="False" />
            <line number="182" hits="3" branch="False" />
            <line number="184" hits="1" branch="False" />
            <line number="185" hits="1" branch="False" />
            <line number="188" hits="3" branch="False" />
            <line number="189" hits="1" branch="False" />
            <line number="190" hits="1" branch="False" />
            <line number="191" hits="1" branch="False" />
            <line number="192" hits="1" branch="False" />
            <line number="193" hits="1" branch="False" />
            <line number="195" hits="1" branch="False" />
            <line number="197" hits="1" branch="True" condition-coverage="50% (2/4)">
              <conditions>
                <condition number="765" type="jump" coverage="50%" />
                <condition number="783" type="jump" coverage="50%" />
              </conditions>
            </line>
            <line number="198" hits="0" branch="False" />
            <line number="199" hits="0" branch="False" />
            <line number="200" hits="0" branch="False" />
            <line number="201" hits="1" branch="True" condition-coverage="100% (2/2)">
              <conditions>
                <condition number="813" type="jump" coverage="100%" />
              </conditions>
            </line>
            <line number="202" hits="1" branch="False" />
            <line number="203" hits="1" branch="False" />
            <line number="204" hits="1" branch="False" />
            <line number="205" hits="1" branch="False" />
            <line number="207" hits="3" branch="True" condition-coverage="50% (2/4)">
              <conditions>
                <condition number="867" type="jump" coverage="50%" />
                <condition number="885" type="jump" coverage="50%" />
              </conditions>
            </line>
            <line number="208" hits="0" branch="False" />
            <line number="209" hits="0" branch="False" />
            <line number="210" hits="0" branch="False" />
            <line number="211" hits="3" branch="True" condition-coverage="100% (2/2)">
              <conditions>
                <condition number="915" type="jump" coverage="100%" />
              </conditions>
            </line>
            <line number="212" hits="3" branch="False" />
            <line number="213" hits="3" branch="False" />
            <line number="214" hits="3" branch="False" />
            <line number="215" hits="3" branch="False" />
            <line number="218" hits="0" branch="True" condition-coverage="0% (0/4)">
              <conditions>
                <condition number="965" type="jump" coverage="0%" />
                <condition number="983" type="jump" coverage="0%" />
              </conditions>
            </line>
            <line number="219" hits="0" branch="False" />
            <line number="220" hits="0" branch="False" />
            <line number="221" hits="0" branch="False" />
            <line number="222" hits="0" branch="True" condition-coverage="50% (1/2)">
              <conditions>
                <condition number="1013" type="jump" coverage="50%" />
              </conditions>
            </line>
            <line number="223" hits="0" branch="False" />
            <line number="224" hits="0" branch="False" />
            <line number="225" hits="0" branch="False" />
            <line number="226" hits="0" branch="False" />
            <line number="228" hits="15" branch="False" />
            <line number="229" hits="15" branch="False" />
            <line number="231" hits="1" branch="False" />
            <line number="232" hits="1" branch="False" />
            <line number="234" hits="1" branch="False" />
            <line number="236" hits="14" branch="True" condition-coverage="100% (2/2)">
              <conditions>
                <condition number="1156" type="jump" coverage="100%" />
              </conditions>
            </line>
            <line number="237" hits="7" branch="False" />
            <line number="238" hits="7" branch="True" condition-coverage="100% (2/2)">
              <conditions>
                <condition number="1117" type="jump" coverage="100%" />
              </conditions>
            </line>
            <line number="239" hits="6" branch="False" />
            <line number="240" hits="6" branch="False" />
            <line number="241" hits="6" branch="False" />
            <line number="243" hits="1" branch="False" />
            <line number="244" hits="1" branch="False" />
            <line number="247" hits="6" branch="False" />
            <line number="249" hits="1" branch="True" condition-coverage="100% (2/2)">
              <conditions>
                <condition number="1184" type="jump" coverage="100%" />
              </conditions>
            </line>
            <line number="250" hits="1" branch="False" />
            <line number="251" hits="1" branch="False" />
            <line number="252" hits="1" branch="False" />
            <line number="253" hits="1" branch="False" />
            <line number="254" hits="1" branch="False" />
            <line number="255" hits="1" branch="False" />
            <line number="256" hits="1" branch="False" />
            <line number="257" hits="1" branch="False" />
            <line number="259" hits="0" branch="False" />
            <line number="262" hits="23" branch="False" />
            <line number="263" hits="23" branch="False" />
            <line number="264" hits="23" branch="False" />
            <line number="265" hits="23" branch="False" />
            <line number="266" hits="23" branch="False" />
            <line number="267" hits="24" branch="False" />
            <line number="268" hits="59" branch="False" />
            <line number="270" hits="15" branch="True" condition-coverage="100% (2/2)">
              <conditions>
                <condition number="1335" type="jump" coverage="100%" />
              </conditions>
            </line>
            <line number="271" hits="14" branch="False" />
            <line number="272" hits="14" branch="True" condition-coverage="86.84% (33/38)">
              <conditions>
                <condition number="1364" type="jump" coverage="100%" />
                <condition number="1373" type="jump" coverage="50%" />
                <condition number="1382" type="jump" coverage="100%" />
                <condition number="1413" type="jump" coverage="0%" />
                <condition number="1438" type="jump" coverage="100%" />
                <condition number="1447" type="jump" coverage="100%" />
                <condition number="1475" type="jump" coverage="50%" />
                <condition number="1424" type="jump" coverage="50%" />
                <condition number="1489" type="jump" coverage="100%" />
                <condition number="1461" type="jump" coverage="100%" />
                <condition number="1396" type="jump" coverage="100%" />
                <condition number="1552" type="jump" coverage="100%" />
                <condition number="1571" type="jump" coverage="100%" />
                <condition number="1593" type="jump" coverage="100%" />
                <condition number="1615" type="jump" coverage="100%" />
                <condition number="1637" type="jump" coverage="100%" />
                <condition number="1508" type="jump" coverage="100%" />
                <condition number="1530" type="jump" coverage="100%" />
                <condition number="1659" type="jump" coverage="100%" />
              </conditions>
            </line>
            <line number="276" hits="0" branch="False" />
            <line number="278" hits="1" branch="True" condition-coverage="50% (2/4)">
              <conditions>
                <condition number="1684" type="jump" coverage="50%" />
                <condition number="1702" type="jump" coverage="50%" />
              </conditions>
            </line>
            <line number="279" hits="0" branch="False" />
            <line number="280" hits="0" branch="False" />
            <line number="281" hits="0" branch="False" />
            <line number="282" hits="1" branch="True" condition-coverage="100% (2/2)">
              <conditions>
                <condition number="1732" type="jump" coverage="100%" />
              </conditions>
            </line>
            <line number="283" hits="1" branch="False" />
            <line number="284" hits="1" branch="False" />
            <line number="285" hits="1" branch="False" />
            <line number="286" hits="1" branch="False" />
            <line number="288" hits="2" branch="True" condition-coverage="50% (2/4)">
              <conditions>
                <condition number="1786" type="jump" coverage="50%" />
                <condition number="1804" type="jump" coverage="50%" />
              </conditions>
            </line>
            <line number="289" hits="0" branch="False" />
            <line number="290" hits="0" branch="False" />
            <line number="291" hits="0" branch="False" />
            <line number="292" hits="2" branch="True" condition-coverage="100% (2/2)">
              <conditions>
                <condition number="1834" type="jump" coverage="100%" />
              </conditions>
            </line>
            <line number="293" hits="2" branch="False" />
            <line number="294" hits="2" branch="False" />
            <line number="295" hits="2" branch="False" />
            <line number="296" hits="2" branch="False" />
            <line number="298" hits="1" branch="True" condition-coverage="50% (2/4)">
              <conditions>
                <condition number="1884" type="jump" coverage="50%" />
                <condition number="1902" type="jump" coverage="50%" />
              </conditions>
            </line>
            <line number="299" hits="0" branch="False" />
            <line number="300" hits="0" branch="False" />
            <line number="301" hits="0" branch="False" />
            <line number="302" hits="1" branch="True" condition-coverage="100% (2/2)">
              <conditions>
                <condition number="1932" type="jump" coverage="100%" />
              </conditions>
            </line>
            <line number="303" hits="1" branch="False" />
            <line number="304" hits="1" branch="False" />
            <line number="305" hits="1" branch="False" />
            <line number="306" hits="1" branch="False" />
            <line number="308" hits="6" branch="False" />
            <line number="309" hits="6" branch="False" />
            <line number="311" hits="4" branch="False" />
            <line number="312" hits="4" branch="False" />
            <line number="314" hits="0" branch="False" />
            <line number="316" hits="0" branch="False" />
            <line number="320" hits="14" branch="False" />
            <line number="321" hits="15" branch="False" />
            <line number="322" hits="15" branch="False" />
            <line number="16" hits="14" branch="False" />
            <line number="17" hits="14" branch="False" />
            <line number="18" hits="14" branch="False" />
            <line number="20" hits="14" branch="False" />
            <line number="21" hits="14" branch="False" />
            <line number="23" hits="14" branch="False" />
            <line number="24" hits="14" branch="False" />
            <line number="26" hits="14" branch="False" />
            <line number="27" hits="14" branch="False" />
            <line number="29" hits="14" branch="False" />
            <line number="30" hits="14" branch="False" />
            <line number="32" hits="14" branch="False" />
            <line number="33" hits="14" branch="False" />
            <line number="35" hits="14" branch="False" />
            <line number="36" hits="14" branch="False" />
            <line number="38" hits="14" branch="False" />
            <line number="39" hits="14" branch="False" />
            <line number="41" hits="14" branch="False" />
            <line number="42" hits="14" branch="False" />
            <line number="44" hits="126" branch="False" />
            <line number="45" hits="14" branch="False" />
          </lines>
        </class>
        <class name="Calculatrice.Program" filename="Documents\apprendre\Calculatrice\Calculatrice\Calculatrice\Program.cs" line-rate="0" branch-rate="1" complexity="1">
          <methods>
            <method name="Main" signature="(System.String[])" line-rate="0" branch-rate="1" complexity="1">
              <lines>
                <line number="12" hits="0" branch="False" />
                <line number="13" hits="0" branch="False" />
                <line number="14" hits="0" branch="False" />
                <line number="15" hits="0" branch="False" />
                <line number="17" hits="0" branch="False" />
                <line number="18" hits="0" branch="False" />
              </lines>
            </method>
          </methods>
          <lines>
            <line number="12" hits="0" branch="False" />
            <line number="13" hits="0" branch="False" />
            <line number="14" hits="0" branch="False" />
            <line number="15" hits="0" branch="False" />
            <line number="17" hits="0" branch="False" />
            <line number="18" hits="0" branch="False" />
          </lines>
        </class>
        <class name="Calculatrice.Model.Addition" filename="Documents\apprendre\Calculatrice\Calculatrice\Calculatrice\Model\Addition.cs" line-rate="0.21420000000000003" branch-rate="0" complexity="5">
          <methods>
            <method name="CalculeOp" signature="(System.String,System.String)" line-rate="0" branch-rate="0" complexity="4">
              <lines>
                <line number="13" hits="0" branch="False" />
                <line number="14" hits="0" branch="False" />
                <line number="15" hits="0" branch="False" />
                <line number="17" hits="0" branch="True" condition-coverage="0% (0/2)">
                  <conditions>
                    <condition number="26" type="jump" coverage="0%" />
                  </conditions>
                </line>
                <line number="18" hits="0" branch="False" />
                <line number="19" hits="0" branch="False" />
                <line number="21" hits="0" branch="True" condition-coverage="0% (0/2)">
                  <conditions>
                    <condition number="53" type="jump" coverage="0%" />
                  </conditions>
                </line>
                <line number="22" hits="0" branch="False" />
                <line number="23" hits="0" branch="False" />
                <line number="26" hits="0" branch="False" />
                <line number="27" hits="0" branch="False" />
              </lines>
            </method>
            <method name=".ctor" signature="(System.Int32)" line-rate="1" branch-rate="1" complexity="1">
              <lines>
                <line number="8" hits="14" branch="False" />
                <line number="9" hits="14" branch="False" />
                <line number="11" hits="14" branch="False" />
              </lines>
            </method>
          </methods>
          <lines>
            <line number="13" hits="0" branch="False" />
            <line number="14" hits="0" branch="False" />
            <line number="15" hits="0" branch="False" />
            <line number="17" hits="0" branch="True" condition-coverage="0% (0/2)">
              <conditions>
                <condition number="26" type="jump" coverage="0%" />
              </conditions>
            </line>
            <line number="18" hits="0" branch="False" />
            <line number="19" hits="0" branch="False" />
            <line number="21" hits="0" branch="True" condition-coverage="0% (0/2)">
              <conditions>
                <condition number="53" type="jump" coverage="0%" />
              </conditions>
            </line>
            <line number="22" hits="0" branch="False" />
            <line number="23" hits="0" branch="False" />
            <line number="26" hits="0" branch="False" />
            <line number="27" hits="0" branch="False" />
            <line number="8" hits="14" branch="False" />
            <line number="9" hits="14" branch="False" />
            <line number="11" hits="14" branch="False" />
          </lines>
        </class>
        <class name="Calculatrice.Model.Division" filename="Documents\apprendre\Calculatrice\Calculatrice\Calculatrice\Model\Division.cs" line-rate="0.2" branch-rate="0" complexity="7">
          <methods>
            <method name="CalculeOp" signature="(System.String,System.String)" line-rate="0" branch-rate="0" complexity="6">
              <lines>
                <line number="13" hits="0" branch="False" />
                <line number="15" hits="0" branch="True" condition-coverage="0% (0/2)">
                  <conditions>
                    <condition number="14" type="jump" coverage="0%" />
                  </conditions>
                </line>
                <line number="16" hits="0" branch="False" />
                <line number="17" hits="0" branch="False" />
                <line number="19" hits="0" branch="True" condition-coverage="0% (0/2)">
                  <conditions>
                    <condition number="41" type="jump" coverage="0%" />
                  </conditions>
                </line>
                <line number="20" hits="0" branch="False" />
                <line number="21" hits="0" branch="False" />
                <line number="23" hits="0" branch="True" condition-coverage="0% (0/2)">
                  <conditions>
                    <condition number="67" type="jump" coverage="0%" />
                  </conditions>
                </line>
                <line number="24" hits="0" branch="False" />
                <line number="25" hits="0" branch="False" />
                <line number="28" hits="0" branch="False" />
                <line number="29" hits="0" branch="False" />
              </lines>
            </method>
            <method name=".ctor" signature="(System.Int32)" line-rate="1" branch-rate="1" complexity="1">
              <lines>
                <line number="8" hits="14" branch="False" />
                <line number="9" hits="14" branch="False" />
                <line number="11" hits="14" branch="False" />
              </lines>
            </method>
          </methods>
          <lines>
            <line number="13" hits="0" branch="False" />
            <line number="15" hits="0" branch="True" condition-coverage="0% (0/2)">
              <conditions>
                <condition number="14" type="jump" coverage="0%" />
              </conditions>
            </line>
            <line number="16" hits="0" branch="False" />
            <line number="17" hits="0" branch="False" />
            <line number="19" hits="0" branch="True" condition-coverage="0% (0/2)">
              <conditions>
                <condition number="41" type="jump" coverage="0%" />
              </conditions>
            </line>
            <line number="20" hits="0" branch="False" />
            <line number="21" hits="0" branch="False" />
            <line number="23" hits="0" branch="True" condition-coverage="0% (0/2)">
              <conditions>
                <condition number="67" type="jump" coverage="0%" />
              </conditions>
            </line>
            <line number="24" hits="0" branch="False" />
            <line number="25" hits="0" branch="False" />
            <line number="28" hits="0" branch="False" />
            <line number="29" hits="0" branch="False" />
            <line number="8" hits="14" branch="False" />
            <line number="9" hits="14" branch="False" />
            <line number="11" hits="14" branch="False" />
          </lines>
        </class>
        <class name="Calculatrice.Model.LeftParenthesis" filename="Documents\apprendre\Calculatrice\Calculatrice\Calculatrice\Model\LeftParenthesis.cs" line-rate="1" branch-rate="1" complexity="1">
          <methods>
            <method name=".ctor" signature="(System.Int32)" line-rate="1" branch-rate="1" complexity="1">
              <lines>
                <line number="10" hits="14" branch="False" />
                <line number="11" hits="14" branch="False" />
                <line number="13" hits="14" branch="False" />
              </lines>
            </method>
          </methods>
          <lines>
            <line number="10" hits="14" branch="False" />
            <line number="11" hits="14" branch="False" />
            <line number="13" hits="14" branch="False" />
          </lines>
        </class>
        <class name="Calculatrice.Model.Multiplication" filename="Documents\apprendre\Calculatrice\Calculatrice\Calculatrice\Model\Multiplication.cs" line-rate="0.21420000000000003" branch-rate="0" complexity="5">
          <methods>
            <method name="CalculeOp" signature="(System.String,System.String)" line-rate="0" branch-rate="0" complexity="4">
              <lines>
                <line number="13" hits="0" branch="False" />
                <line number="14" hits="0" branch="False" />
                <line number="15" hits="0" branch="False" />
                <line number="17" hits="0" branch="True" condition-coverage="0% (0/2)">
                  <conditions>
                    <condition number="26" type="jump" coverage="0%" />
                  </conditions>
                </line>
                <line number="18" hits="0" branch="False" />
                <line number="19" hits="0" branch="False" />
                <line number="21" hits="0" branch="True" condition-coverage="0% (0/2)">
                  <conditions>
                    <condition number="53" type="jump" coverage="0%" />
                  </conditions>
                </line>
                <line number="22" hits="0" branch="False" />
                <line number="23" hits="0" branch="False" />
                <line number="26" hits="0" branch="False" />
                <line number="27" hits="0" branch="False" />
              </lines>
            </method>
            <method name=".ctor" signature="(System.Int32)" line-rate="1" branch-rate="1" complexity="1">
              <lines>
                <line number="8" hits="14" branch="False" />
                <line number="9" hits="14" branch="False" />
                <line number="11" hits="14" branch="False" />
              </lines>
            </method>
          </methods>
          <lines>
            <line number="13" hits="0" branch="False" />
            <line number="14" hits="0" branch="False" />
            <line number="15" hits="0" branch="False" />
            <line number="17" hits="0" branch="True" condition-coverage="0% (0/2)">
              <conditions>
                <condition number="26" type="jump" coverage="0%" />
              </conditions>
            </line>
            <line number="18" hits="0" branch="False" />
            <line number="19" hits="0" branch="False" />
            <line number="21" hits="0" branch="True" condition-coverage="0% (0/2)">
              <conditions>
                <condition number="53" type="jump" coverage="0%" />
              </conditions>
            </line>
            <line number="22" hits="0" branch="False" />
            <line number="23" hits="0" branch="False" />
            <line number="26" hits="0" branch="False" />
            <line number="27" hits="0" branch="False" />
            <line number="8" hits="14" branch="False" />
            <line number="9" hits="14" branch="False" />
            <line number="11" hits="14" branch="False" />
          </lines>
        </class>
        <class name="Calculatrice.Model.Operations" filename="Documents\apprendre\Calculatrice\Calculatrice\Calculatrice\Model\Operations.cs" line-rate="0" branch-rate="1" complexity="4">
          <methods>
            <method name="get_input" signature="()" line-rate="0" branch-rate="1" complexity="1">
              <lines>
                <line number="5" hits="0" branch="False" />
              </lines>
            </method>
            <method name="get_related" signature="()" line-rate="0" branch-rate="1" complexity="1">
              <lines>
                <line number="6" hits="0" branch="False" />
              </lines>
            </method>
            <method name="get_result" signature="()" line-rate="0" branch-rate="1" complexity="1">
              <lines>
                <line number="7" hits="0" branch="False" />
              </lines>
            </method>
            <method name=".ctor" signature="(System.String,Calculatrice.Model.Operations)" line-rate="0" branch-rate="1" complexity="1">
              <lines>
                <line number="9" hits="0" branch="False" />
                <line number="10" hits="0" branch="False" />
                <line number="11" hits="0" branch="False" />
                <line number="12" hits="0" branch="False" />
                <line number="13" hits="0" branch="False" />
              </lines>
            </method>
          </methods>
          <lines>
            <line number="5" hits="0" branch="False" />
            <line number="6" hits="0" branch="False" />
            <line number="7" hits="0" branch="False" />
            <line number="9" hits="0" branch="False" />
            <line number="10" hits="0" branch="False" />
            <line number="11" hits="0" branch="False" />
            <line number="12" hits="0" branch="False" />
            <line number="13" hits="0" branch="False" />
          </lines>
        </class>
        <class name="Calculatrice.Model.Operator" filename="Documents\apprendre\Calculatrice\Calculatrice\Calculatrice\Model\Operator.cs" line-rate="1" branch-rate="1" complexity="1">
          <methods>
            <method name=".ctor" signature="(System.String,System.Int32)" line-rate="1" branch-rate="1" complexity="1">
              <lines>
                <line number="8" hits="84" branch="False" />
                <line number="9" hits="84" branch="False" />
                <line number="10" hits="84" branch="False" />
              </lines>
            </method>
          </methods>
          <lines>
            <line number="8" hits="84" branch="False" />
            <line number="9" hits="84" branch="False" />
            <line number="10" hits="84" branch="False" />
          </lines>
        </class>
        <class name="Calculatrice.Model.Power" filename="Documents\apprendre\Calculatrice\Calculatrice\Calculatrice\Model\Power.cs" line-rate="0.25" branch-rate="0" complexity="5">
          <methods>
            <method name="CalculeOp" signature="(System.String,System.String)" line-rate="0" branch-rate="0" complexity="4">
              <lines>
                <line number="15" hits="0" branch="False" />
                <line number="17" hits="0" branch="True" condition-coverage="0% (0/2)">
                  <conditions>
                    <condition number="14" type="jump" coverage="0%" />
                  </conditions>
                </line>
                <line number="18" hits="0" branch="False" />
                <line number="19" hits="0" branch="False" />
                <line number="21" hits="0" branch="True" condition-coverage="0% (0/2)">
                  <conditions>
                    <condition number="41" type="jump" coverage="0%" />
                  </conditions>
                </line>
                <line number="22" hits="0" branch="False" />
                <line number="23" hits="0" branch="False" />
                <line number="26" hits="0" branch="False" />
                <line number="27" hits="0" branch="False" />
              </lines>
            </method>
            <method name=".ctor" signature="(System.Int32)" line-rate="1" branch-rate="1" complexity="1">
              <lines>
                <line number="10" hits="14" branch="False" />
                <line number="11" hits="14" branch="False" />
                <line number="13" hits="14" branch="False" />
              </lines>
            </method>
          </methods>
          <lines>
            <line number="15" hits="0" branch="False" />
            <line number="17" hits="0" branch="True" condition-coverage="0% (0/2)">
              <conditions>
                <condition number="14" type="jump" coverage="0%" />
              </conditions>
            </line>
            <line number="18" hits="0" branch="False" />
            <line number="19" hits="0" branch="False" />
            <line number="21" hits="0" branch="True" condition-coverage="0% (0/2)">
              <conditions>
                <condition number="41" type="jump" coverage="0%" />
              </conditions>
            </line>
            <line number="22" hits="0" branch="False" />
            <line number="23" hits="0" branch="False" />
            <line number="26" hits="0" branch="False" />
            <line number="27" hits="0" branch="False" />
            <line number="10" hits="14" branch="False" />
            <line number="11" hits="14" branch="False" />
            <line number="13" hits="14" branch="False" />
          </lines>
        </class>
        <class name="Calculatrice.Model.RightParenthesis" filename="Documents\apprendre\Calculatrice\Calculatrice\Calculatrice\Model\RightParenthesis.cs" line-rate="1" branch-rate="1" complexity="1">
          <methods>
            <method name=".ctor" signature="(System.Int32)" line-rate="1" branch-rate="1" complexity="1">
              <lines>
                <line number="10" hits="14" branch="False" />
                <line number="11" hits="14" branch="False" />
                <line number="13" hits="14" branch="False" />
              </lines>
            </method>
          </methods>
          <lines>
            <line number="10" hits="14" branch="False" />
            <line number="11" hits="14" branch="False" />
            <line number="13" hits="14" branch="False" />
          </lines>
        </class>
        <class name="Calculatrice.Model.SignOperation" filename="Documents\apprendre\Calculatrice\Calculatrice\Calculatrice\Model\SignOperation.cs" line-rate="1" branch-rate="1" complexity="3">
          <methods>
            <method name="get_Sign" signature="()" line-rate="1" branch-rate="1" complexity="1">
              <lines>
                <line number="7" hits="112" branch="False" />
              </lines>
            </method>
            <method name="get_Priority" signature="()" line-rate="1" branch-rate="1" complexity="1">
              <lines>
                <line number="8" hits="224" branch="False" />
              </lines>
            </method>
            <method name=".ctor" signature="(System.String,System.Int32)" line-rate="1" branch-rate="1" complexity="1">
              <lines>
                <line number="10" hits="112" branch="False" />
                <line number="11" hits="112" branch="False" />
                <line number="12" hits="112" branch="False" />
                <line number="13" hits="112" branch="False" />
                <line number="14" hits="112" branch="False" />
              </lines>
            </method>
          </methods>
          <lines>
            <line number="7" hits="112" branch="False" />
            <line number="8" hits="224" branch="False" />
            <line number="10" hits="112" branch="False" />
            <line number="11" hits="112" branch="False" />
            <line number="12" hits="112" branch="False" />
            <line number="13" hits="112" branch="False" />
            <line number="14" hits="112" branch="False" />
          </lines>
        </class>
        <class name="Calculatrice.Model.Sqrt" filename="Documents\apprendre\Calculatrice\Calculatrice\Calculatrice\Model\Sqrt.cs" line-rate="0.3333" branch-rate="0" complexity="3">
          <methods>
            <method name="CalculeOp" signature="(System.String,System.String)" line-rate="0" branch-rate="0" complexity="2">
              <lines>
                <line number="15" hits="0" branch="False" />
                <line number="17" hits="0" branch="True" condition-coverage="0% (0/2)">
                  <conditions>
                    <condition number="14" type="jump" coverage="0%" />
                  </conditions>
                </line>
                <line number="18" hits="0" branch="False" />
                <line number="19" hits="0" branch="False" />
                <line number="21" hits="0" branch="False" />
                <line number="22" hits="0" branch="False" />
              </lines>
            </method>
            <method name=".ctor" signature="(System.Int32)" line-rate="1" branch-rate="1" complexity="1">
              <lines>
                <line number="10" hits="14" branch="False" />
                <line number="11" hits="14" branch="False" />
                <line number="13" hits="14" branch="False" />
              </lines>
            </method>
          </methods>
          <lines>
            <line number="15" hits="0" branch="False" />
            <line number="17" hits="0" branch="True" condition-coverage="0% (0/2)">
              <conditions>
                <condition number="14" type="jump" coverage="0%" />
              </conditions>
            </line>
            <line number="18" hits="0" branch="False" />
            <line number="19" hits="0" branch="False" />
            <line number="21" hits="0" branch="False" />
            <line number="22" hits="0" branch="False" />
            <line number="10" hits="14" branch="False" />
            <line number="11" hits="14" branch="False" />
            <line number="13" hits="14" branch="False" />
          </lines>
        </class>
        <class name="Calculatrice.Model.Subtraction" filename="Documents\apprendre\Calculatrice\Calculatrice\Calculatrice\Model\Subtraction.cs" line-rate="0.21420000000000003" branch-rate="0" complexity="5">
          <methods>
            <method name="CalculeOp" signature="(System.String,System.String)" line-rate="0" branch-rate="0" complexity="4">
              <lines>
                <line number="13" hits="0" branch="False" />
                <line number="14" hits="0" branch="False" />
                <line number="15" hits="0" branch="False" />
                <line number="17" hits="0" branch="True" condition-coverage="0% (0/2)">
                  <conditions>
                    <condition number="26" type="jump" coverage="0%" />
                  </conditions>
                </line>
                <line number="18" hits="0" branch="False" />
                <line number="19" hits="0" branch="False" />
                <line number="21" hits="0" branch="True" condition-coverage="0% (0/2)">
                  <conditions>
                    <condition number="53" type="jump" coverage="0%" />
                  </conditions>
                </line>
                <line number="22" hits="0" branch="False" />
                <line number="23" hits="0" branch="False" />
                <line number="26" hits="0" branch="False" />
                <line number="27" hits="0" branch="False" />
              </lines>
            </method>
            <method name=".ctor" signature="(System.Int32)" line-rate="1" branch-rate="1" complexity="1">
              <lines>
                <line number="8" hits="14" branch="False" />
                <line number="9" hits="14" branch="False" />
                <line number="11" hits="14" branch="False" />
              </lines>
            </method>
          </methods>
          <lines>
            <line number="13" hits="0" branch="False" />
            <line number="14" hits="0" branch="False" />
            <line number="15" hits="0" branch="False" />
            <line number="17" hits="0" branch="True" condition-coverage="0% (0/2)">
              <conditions>
                <condition number="26" type="jump" coverage="0%" />
              </conditions>
            </line>
            <line number="18" hits="0" branch="False" />
            <line number="19" hits="0" branch="False" />
            <line number="21" hits="0" branch="True" condition-coverage="0% (0/2)">
              <conditions>
                <condition number="53" type="jump" coverage="0%" />
              </conditions>
            </line>
            <line number="22" hits="0" branch="False" />
            <line number="23" hits="0" branch="False" />
            <line number="26" hits="0" branch="False" />
            <line number="27" hits="0" branch="False" />
            <line number="8" hits="14" branch="False" />
            <line number="9" hits="14" branch="False" />
            <line number="11" hits="14" branch="False" />
          </lines>
        </class>
      </classes>
    </package>
    <package name="TestCalculatrise" line-rate="0.875" branch-rate="1" complexity="3">
      <classes>
        <class name="AutoGeneratedProgram" filename=".nuget\packages\microsoft.net.test.sdk\16.5.0\build\netcoreapp2.1\Microsoft.NET.Test.Sdk.Program.cs" line-rate="0" branch-rate="1" complexity="1">
          <methods>
            <method name="Main" signature="(System.String[])" line-rate="0" branch-rate="1" complexity="1">
              <lines>
                <line number="4" hits="0" branch="False" />
              </lines>
            </method>
          </methods>
          <lines>
            <line number="4" hits="0" branch="False" />
          </lines>
        </class>
        <class name="TestCalculatrise.TestCaculator" filename="Documents\apprendre\Calculatrice\Calculatrice\TestCalculatrise\TestCaculator.cs" line-rate="1" branch-rate="1" complexity="2">
          <methods>
            <method name="Setup" signature="()" line-rate="1" branch-rate="1" complexity="1">
              <lines>
                <line number="13" hits="14" branch="False" />
                <line number="16" hits="14" branch="False" />
              </lines>
            </method>
            <method name="OperationTestCalculator" signature="(System.String,System.String)" line-rate="1" branch-rate="1" complexity="1">
              <lines>
                <line number="50" hits="14" branch="False" />
                <line number="51" hits="14" branch="False" />
                <line number="52" hits="14" branch="False" />
                <line number="53" hits="14" branch="False" />
                <line number="54" hits="14" branch="False" />
              </lines>
            </method>
          </methods>
          <lines>
            <line number="13" hits="14" branch="False" />
            <line number="16" hits="14" branch="False" />
            <line number="50" hits="14" branch="False" />
            <line number="51" hits="14" branch="False" />
            <line number="52" hits="14" branch="False" />
            <line number="53" hits="14" branch="False" />
            <line number="54" hits="14" branch="False" />
          </lines>
        </class>
      </classes>
    </package>
  </packages>
</coverage>